<?xml version="1.0" encoding="UTF-8"?>
<testsuite xmlns:xsi="http://www.w3.org/2001/XMLSchema-instance" xsi:noNamespaceSchemaLocation="https://maven.apache.org/surefire/maven-surefire-plugin/xsd/surefire-test-report-3.0.xsd" version="3.0" name="io.cucumber.skeleton.RunCucumberTest" time="0.333" tests="6" errors="0" skipped="0" failures="0">
  <properties>
    <property name="sun.desktop" value="windows"/>
    <property name="awt.toolkit" value="sun.awt.windows.WToolkit"/>
    <property name="java.specification.version" value="11"/>
    <property name="sun.cpu.isalist" value="amd64"/>
    <property name="sun.jnu.encoding" value="Cp1252"/>
    <property name="java.class.path" value="C:\Users\LENOVO\Downloads\ContinousIntegrationT5\target\test-classes;C:\Users\LENOVO\Downloads\ContinousIntegrationT5\target\classes;C:\Users\LENOVO\.m2\repository\io\cucumber\cucumber-java\7.13.0\cucumber-java-7.13.0.jar;C:\Users\LENOVO\.m2\repository\io\cucumber\cucumber-core\7.13.0\cucumber-core-7.13.0.jar;C:\Users\LENOVO\.m2\repository\io\cucumber\cucumber-gherkin\7.13.0\cucumber-gherkin-7.13.0.jar;C:\Users\LENOVO\.m2\repository\io\cucumber\cucumber-gherkin-messages\7.13.0\cucumber-gherkin-messages-7.13.0.jar;C:\Users\LENOVO\.m2\repository\io\cucumber\gherkin\26.2.0\gherkin-26.2.0.jar;C:\Users\LENOVO\.m2\repository\io\cucumber\messages\22.0.0\messages-22.0.0.jar;C:\Users\LENOVO\.m2\repository\io\cucumber\tag-expressions\5.0.1\tag-expressions-5.0.1.jar;C:\Users\LENOVO\.m2\repository\io\cucumber\cucumber-expressions\16.1.2\cucumber-expressions-16.1.2.jar;C:\Users\LENOVO\.m2\repository\io\cucumber\datatable\7.13.0\datatable-7.13.0.jar;C:\Users\LENOVO\.m2\repository\io\cucumber\cucumber-plugin\7.13.0\cucumber-plugin-7.13.0.jar;C:\Users\LENOVO\.m2\repository\io\cucumber\docstring\7.13.0\docstring-7.13.0.jar;C:\Users\LENOVO\.m2\repository\io\cucumber\html-formatter\20.3.1\html-formatter-20.3.1.jar;C:\Users\LENOVO\.m2\repository\io\cucumber\junit-xml-formatter\0.2.0\junit-xml-formatter-0.2.0.jar;C:\Users\LENOVO\.m2\repository\io\cucumber\ci-environment\9.2.0\ci-environment-9.2.0.jar;C:\Users\LENOVO\.m2\repository\org\apiguardian\apiguardian-api\1.1.2\apiguardian-api-1.1.2.jar;C:\Users\LENOVO\.m2\repository\io\cucumber\cucumber-junit-platform-engine\7.13.0\cucumber-junit-platform-engine-7.13.0.jar;C:\Users\LENOVO\.m2\repository\org\junit\platform\junit-platform-engine\1.10.0\junit-platform-engine-1.10.0.jar;C:\Users\LENOVO\.m2\repository\org\opentest4j\opentest4j\1.3.0\opentest4j-1.3.0.jar;C:\Users\LENOVO\.m2\repository\org\junit\platform\junit-platform-commons\1.10.0\junit-platform-commons-1.10.0.jar;C:\Users\LENOVO\.m2\repository\org\junit\platform\junit-platform-suite\1.10.0\junit-platform-suite-1.10.0.jar;C:\Users\LENOVO\.m2\repository\org\junit\platform\junit-platform-suite-api\1.10.0\junit-platform-suite-api-1.10.0.jar;C:\Users\LENOVO\.m2\repository\org\junit\platform\junit-platform-suite-engine\1.10.0\junit-platform-suite-engine-1.10.0.jar;C:\Users\LENOVO\.m2\repository\org\junit\platform\junit-platform-suite-commons\1.10.0\junit-platform-suite-commons-1.10.0.jar;C:\Users\LENOVO\.m2\repository\org\junit\platform\junit-platform-launcher\1.10.0\junit-platform-launcher-1.10.0.jar;C:\Users\LENOVO\.m2\repository\org\junit\jupiter\junit-jupiter\5.10.0\junit-jupiter-5.10.0.jar;C:\Users\LENOVO\.m2\repository\org\junit\jupiter\junit-jupiter-api\5.10.0\junit-jupiter-api-5.10.0.jar;C:\Users\LENOVO\.m2\repository\org\junit\jupiter\junit-jupiter-params\5.10.0\junit-jupiter-params-5.10.0.jar;C:\Users\LENOVO\.m2\repository\org\junit\jupiter\junit-jupiter-engine\5.10.0\junit-jupiter-engine-5.10.0.jar;"/>
    <property name="java.vm.vendor" value="Eclipse Adoptium"/>
    <property name="sun.arch.data.model" value="64"/>
    <property name="user.variant" value=""/>
    <property name="java.vendor.url" value="https://adoptium.net/"/>
    <property name="user.timezone" value="America/Bogota"/>
    <property name="java.vm.specification.version" value="11"/>
    <property name="os.name" value="Windows 11"/>
    <property name="sun.java.launcher" value="SUN_STANDARD"/>
    <property name="user.country" value="EC"/>
    <property name="sun.boot.library.path" value="C:\Users\LENOVO\.p2\pool\plugins\org.eclipse.justj.openjdk.hotspot.jre.full.win32.x86_64_11.0.15.v20220515-1236\jre\bin"/>
    <property name="sun.java.command" value="C:\Users\LENOVO\AppData\Local\Temp\surefire12390116158093442571\surefirebooter-20230801233219383_3.jar C:\Users\LENOVO\AppData\Local\Temp\surefire12390116158093442571 2023-08-01T23-32-19_084-jvmRun1 surefire-20230801233219383_1tmp surefire_0-20230801233219383_2tmp"/>
    <property name="jdk.debug" value="release"/>
    <property name="surefire.test.class.path" value="C:\Users\LENOVO\Downloads\ContinousIntegrationT5\target\test-classes;C:\Users\LENOVO\Downloads\ContinousIntegrationT5\target\classes;C:\Users\LENOVO\.m2\repository\io\cucumber\cucumber-java\7.13.0\cucumber-java-7.13.0.jar;C:\Users\LENOVO\.m2\repository\io\cucumber\cucumber-core\7.13.0\cucumber-core-7.13.0.jar;C:\Users\LENOVO\.m2\repository\io\cucumber\cucumber-gherkin\7.13.0\cucumber-gherkin-7.13.0.jar;C:\Users\LENOVO\.m2\repository\io\cucumber\cucumber-gherkin-messages\7.13.0\cucumber-gherkin-messages-7.13.0.jar;C:\Users\LENOVO\.m2\repository\io\cucumber\gherkin\26.2.0\gherkin-26.2.0.jar;C:\Users\LENOVO\.m2\repository\io\cucumber\messages\22.0.0\messages-22.0.0.jar;C:\Users\LENOVO\.m2\repository\io\cucumber\tag-expressions\5.0.1\tag-expressions-5.0.1.jar;C:\Users\LENOVO\.m2\repository\io\cucumber\cucumber-expressions\16.1.2\cucumber-expressions-16.1.2.jar;C:\Users\LENOVO\.m2\repository\io\cucumber\datatable\7.13.0\datatable-7.13.0.jar;C:\Users\LENOVO\.m2\repository\io\cucumber\cucumber-plugin\7.13.0\cucumber-plugin-7.13.0.jar;C:\Users\LENOVO\.m2\repository\io\cucumber\docstring\7.13.0\docstring-7.13.0.jar;C:\Users\LENOVO\.m2\repository\io\cucumber\html-formatter\20.3.1\html-formatter-20.3.1.jar;C:\Users\LENOVO\.m2\repository\io\cucumber\junit-xml-formatter\0.2.0\junit-xml-formatter-0.2.0.jar;C:\Users\LENOVO\.m2\repository\io\cucumber\ci-environment\9.2.0\ci-environment-9.2.0.jar;C:\Users\LENOVO\.m2\repository\org\apiguardian\apiguardian-api\1.1.2\apiguardian-api-1.1.2.jar;C:\Users\LENOVO\.m2\repository\io\cucumber\cucumber-junit-platform-engine\7.13.0\cucumber-junit-platform-engine-7.13.0.jar;C:\Users\LENOVO\.m2\repository\org\junit\platform\junit-platform-engine\1.10.0\junit-platform-engine-1.10.0.jar;C:\Users\LENOVO\.m2\repository\org\opentest4j\opentest4j\1.3.0\opentest4j-1.3.0.jar;C:\Users\LENOVO\.m2\repository\org\junit\platform\junit-platform-commons\1.10.0\junit-platform-commons-1.10.0.jar;C:\Users\LENOVO\.m2\repository\org\junit\platform\junit-platform-suite\1.10.0\junit-platform-suite-1.10.0.jar;C:\Users\LENOVO\.m2\repository\org\junit\platform\junit-platform-suite-api\1.10.0\junit-platform-suite-api-1.10.0.jar;C:\Users\LENOVO\.m2\repository\org\junit\platform\junit-platform-suite-engine\1.10.0\junit-platform-suite-engine-1.10.0.jar;C:\Users\LENOVO\.m2\repository\org\junit\platform\junit-platform-suite-commons\1.10.0\junit-platform-suite-commons-1.10.0.jar;C:\Users\LENOVO\.m2\repository\org\junit\platform\junit-platform-launcher\1.10.0\junit-platform-launcher-1.10.0.jar;C:\Users\LENOVO\.m2\repository\org\junit\jupiter\junit-jupiter\5.10.0\junit-jupiter-5.10.0.jar;C:\Users\LENOVO\.m2\repository\org\junit\jupiter\junit-jupiter-api\5.10.0\junit-jupiter-api-5.10.0.jar;C:\Users\LENOVO\.m2\repository\org\junit\jupiter\junit-jupiter-params\5.10.0\junit-jupiter-params-5.10.0.jar;C:\Users\LENOVO\.m2\repository\org\junit\jupiter\junit-jupiter-engine\5.10.0\junit-jupiter-engine-5.10.0.jar;"/>
    <property name="sun.cpu.endian" value="little"/>
    <property name="user.home" value="C:\Users\LENOVO"/>
    <property name="user.language" value="es"/>
    <property name="java.specification.vendor" value="Oracle Corporation"/>
    <property name="java.version.date" value="2022-04-19"/>
    <property name="java.home" value="C:\Users\LENOVO\.p2\pool\plugins\org.eclipse.justj.openjdk.hotspot.jre.full.win32.x86_64_11.0.15.v20220515-1236\jre"/>
    <property name="file.separator" value="\"/>
    <property name="style.color" value="always"/>
    <property name="basedir" value="C:\Users\LENOVO\Downloads\ContinousIntegrationT5"/>
    <property name="java.vm.compressedOopsMode" value="32-bit"/>
    <property name="line.separator" value="&#10;"/>
    <property name="java.specification.name" value="Java Platform API Specification"/>
    <property name="java.vm.specification.vendor" value="Oracle Corporation"/>
    <property name="java.awt.graphicsenv" value="sun.awt.Win32GraphicsEnvironment"/>
    <property name="surefire.real.class.path" value="C:\Users\LENOVO\AppData\Local\Temp\surefire12390116158093442571\surefirebooter-20230801233219383_3.jar"/>
    <property name="user.script" value=""/>
    <property name="sun.management.compiler" value="HotSpot 64-Bit Tiered Compilers"/>
    <property name="java.runtime.version" value="11.0.15+10"/>
    <property name="user.name" value="LENOVO"/>
    <property name="path.separator" value=";"/>
    <property name="os.version" value="10.0"/>
    <property name="java.runtime.name" value="OpenJDK Runtime Environment"/>
    <property name="file.encoding" value="Cp1252"/>
    <property name="java.vm.name" value="OpenJDK 64-Bit Server VM"/>
    <property name="java.vendor.version" value="Temurin-11.0.15+10"/>
    <property name="localRepository" value="C:\Users\LENOVO\.m2\repository"/>
    <property name="java.vendor.url.bug" value="https://github.com/adoptium/adoptium-support/issues"/>
    <property name="java.io.tmpdir" value="C:\Users\LENOVO\AppData\Local\Temp\"/>
    <property name="java.version" value="11.0.15"/>
    <property name="user.dir" value="C:\Users\LENOVO\Downloads\ContinousIntegrationT5"/>
    <property name="os.arch" value="amd64"/>
    <property name="java.vm.specification.name" value="Java Virtual Machine Specification"/>
    <property name="java.awt.printerjob" value="sun.awt.windows.WPrinterJob"/>
    <property name="sun.os.patch.level" value=""/>
    <property name="java.library.path" value="C:\Users\LENOVO\.p2\pool\plugins\org.eclipse.justj.openjdk.hotspot.jre.full.win32.x86_64_11.0.15.v20220515-1236\jre\bin;C:\WINDOWS\Sun\Java\bin;C:\WINDOWS\system32;C:\WINDOWS;C:/Users/LENOVO/.p2/pool/plugins/org.eclipse.justj.openjdk.hotspot.jre.full.win32.x86_64_17.0.7.v20230425-1502/jre/bin/server;C:/Users/LENOVO/.p2/pool/plugins/org.eclipse.justj.openjdk.hotspot.jre.full.win32.x86_64_17.0.7.v20230425-1502/jre/bin;C:\Program Files\Common Files\Oracle\Java\javapath;C:\Program Files\AdoptOpenJDK\jdk-11.0.11.9-hotspot\bin;C:\Program Files (x86)\NVIDIA Corporation\PhysX\Common;C:\WINDOWS\system32;C:\WINDOWS;C:\WINDOWS\System32\Wbem;C:\WINDOWS\System32\WindowsPowerShell\v1.0\;C:\WINDOWS\System32\OpenSSH\;C:\Program Files (x86)\dotnet\;C:\ProgramData\chocolatey\bin;C:\Program Files\nodejs\;C:\Program Files\Git\cmd;C:\Program Files\MySQL\MySQL Shell 8.0\bin\;C:\Users\LENOVO\.cargo\bin;C:\Users\LENOVO\AppData\Local\Microsoft\WindowsApps;C:\Users\LENOVO\AppData\Local\Programs\Microsoft VS Code\bin;C:\Users\LENOVO\AppData\Local\GitHubDesktop\bin;C:\Users\LENOVO\AppData\Local\Coursier\data\bin;C:\Users\LENOVO\AppData\Roaming\npm;C:\Users\LENOVO\OneDrive\Escritorio;;."/>
    <property name="java.vm.info" value="mixed mode"/>
    <property name="java.vendor" value="Eclipse Adoptium"/>
    <property name="java.vm.version" value="11.0.15+10"/>
    <property name="sun.io.unicode.encoding" value="UnicodeLittle"/>
    <property name="java.class.version" value="55.0"/>
  </properties>
  <testcase name="Check if there in enougth product in inventory with availableMeal() - Order of food cannot be delivered because inventory is not available" classname="Check if there in enougth product in inventory with availableMeal()" time="0.123">
    <system-out><![CDATA[
Scenario: Order of food cannot be delivered because inventory is not available &amp#27;[90m# io/cucumber/skeleton/availableMeal.feature:3&amp#27;[0m
  &amp#27;[32mGiven &amp#27;[0m&amp#27;[32man inventory:&amp#27;[0m                                                          &amp#27;[90m# io.cucumber.skeleton.availableMeal.an_inventory(io.cucumber.datatable.DataTable)&amp#27;[0m
    | Meal           | Quantity |
    | pizzaMargarita | 10       |
  &amp#27;[32mWhen &amp#27;[0m&amp#27;[32mA meal is order:&amp#27;[0m                                                        &amp#27;[90m# io.cucumber.skeleton.availableMeal.an_order_to_be_process_contains(io.cucumber.datatable.DataTable)&amp#27;[0m
    | Meal           | Quantity |
    | pizzaMargarita | 11       |
  &amp#27;[32mThen &amp#27;[0m&amp#27;[32mThe meal is rejected&amp#27;[0m                                                    &amp#27;[90m# io.cucumber.skeleton.availableMeal.the_order_is_rejected()&amp#27;[0m
]]></system-out>
  </testcase>
  <testcase name="Check if there in enougth product in inventory with availableMeal() - Order of food cannot be delivered because inventory is not available" classname="Check if there in enougth product in inventory with availableMeal()" time="0.008">
    <system-out><![CDATA[
Scenario: Order of food cannot be delivered because inventory is not available &amp#27;[90m# io/cucumber/skeleton/availableMeal.feature:12&amp#27;[0m
  &amp#27;[32mGiven &amp#27;[0m&amp#27;[32man inventory:&amp#27;[0m                                                          &amp#27;[90m# io.cucumber.skeleton.availableMeal.an_inventory(io.cucumber.datatable.DataTable)&amp#27;[0m
    | Meal           | Quantity |
    | pizzaMargarita | 10       |
  &amp#27;[32mWhen &amp#27;[0m&amp#27;[32mA meal is order:&amp#27;[0m                                                        &amp#27;[90m# io.cucumber.skeleton.availableMeal.an_order_to_be_process_contains(io.cucumber.datatable.DataTable)&amp#27;[0m
    | Meal           | Quantity |
    | pizzaMargarita | 5        |
  &amp#27;[32mThen &amp#27;[0m&amp#27;[32mThe meal is accepted&amp#27;[0m                                                    &amp#27;[90m# io.cucumber.skeleton.availableMeal.the_order_is_accepted()&amp#27;[0m
]]></system-out>
  </testcase>
  <testcase name="Calculate final price of the meal order with checkTotalAmmount() - Order of food with final price with no discount or extra charges" classname="Calculate final price of the meal order with checkTotalAmmount()" time="0.019">
    <system-out><![CDATA[
Scenario: Order of food with final price with no discount or extra charges &amp#27;[90m# io/cucumber/skeleton/checkTotalAmmount.feature:4&amp#27;[0m
  &amp#27;[32mGiven &amp#27;[0m&amp#27;[32man inventory with prices:&amp#27;[0m                                          &amp#27;[90m# io.cucumber.skeleton.checkTotalAmmount.an_inventory(io.cucumber.datatable.DataTable)&amp#27;[0m
    | Meal            | Quantity | Price |
    | pizzaMargarita  | 10       | 12.99 |
    | pizzaNapolitana | 10       | 10.99 |
  &amp#27;[32mWhen &amp#27;[0m&amp#27;[32mAn order to be process contains:&amp#27;[0m                                    &amp#27;[90m# io.cucumber.skeleton.checkTotalAmmount.an_order_to_be_process_contains(io.cucumber.datatable.DataTable)&amp#27;[0m
    | Meal            | Quantity | Price |
    | pizzaMargarita  | 2        | 12.99 |
    | pizzaNapolitana | 2        | 10.99 |
  &amp#27;[32mThen &amp#27;[0m&amp#27;[32mThe order is approved&amp#27;[0m                                               &amp#27;[90m# io.cucumber.skeleton.checkTotalAmmount.the_order_is_approved()&amp#27;[0m
  &amp#27;[32mAnd &amp#27;[0m&amp#27;[32mthe final price is &amp#27;[0m&amp#27;[32m&amp#27;[1m47.96&amp#27;[0m                                             &amp#27;[90m# io.cucumber.skeleton.checkTotalAmmount.the_final_price_is(java.lang.Double)&amp#27;[0m
]]></system-out>
  </testcase>
  <testcase name="Calculate final price of the meal order with checkTotalAmmount() - Order of food with final price with only a 5% extra charges" classname="Calculate final price of the meal order with checkTotalAmmount()" time="0.01">
    <system-out><![CDATA[
Scenario: Order of food with final price with only a 5% extra charges &amp#27;[90m# io/cucumber/skeleton/checkTotalAmmount.feature:16&amp#27;[0m
  &amp#27;[32mGiven &amp#27;[0m&amp#27;[32man inventory with a special&amp#27;[0m                                   &amp#27;[90m# io.cucumber.skeleton.checkTotalAmmount.an_inventory_with_a_special(io.cucumber.datatable.DataTable)&amp#27;[0m
    | Meal           | Quantity | Price | Special |
    | pizzaMargarita | 10       | 12.99 | false   |
    | pizzaCarnica   | 10       | 15.99 | true    |
  &amp#27;[32mWhen &amp#27;[0m&amp#27;[32mAn order to be process contains an special:&amp#27;[0m                    &amp#27;[90m# io.cucumber.skeleton.checkTotalAmmount.an_order_to_be_process_contains_an_special(io.cucumber.datatable.DataTable)&amp#27;[0m
    | Meal           | Quantity | Price | Special |
    | pizzaMargarita | 2        | 12.99 | false   |
    | pizzaCarnica   | 1        | 15.99 | true    |
  &amp#27;[32mThen &amp#27;[0m&amp#27;[32mThe order is approved&amp#27;[0m                                          &amp#27;[90m# io.cucumber.skeleton.checkTotalAmmount.the_order_is_approved()&amp#27;[0m
  &amp#27;[32mAnd &amp#27;[0m&amp#27;[32mthe final price is &amp#27;[0m&amp#27;[32m&amp#27;[1m44.0685&amp#27;[0m                                      &amp#27;[90m# io.cucumber.skeleton.checkTotalAmmount.the_final_price_is(java.lang.Double)&amp#27;[0m
]]></system-out>
  </testcase>
  <testcase name="Calculate final price of the meal order with checkTotalAmmount() - Order of food final price with with only a 10% discount and and -10$" classname="Calculate final price of the meal order with checkTotalAmmount()" time="0.006">
    <system-out><![CDATA[
Scenario: Order of food final price with with only a 10% discount and and -10$ &amp#27;[90m# io/cucumber/skeleton/checkTotalAmmount.feature:28&amp#27;[0m
  &amp#27;[32mGiven &amp#27;[0m&amp#27;[32man inventory with prices:&amp#27;[0m                                              &amp#27;[90m# io.cucumber.skeleton.checkTotalAmmount.an_inventory(io.cucumber.datatable.DataTable)&amp#27;[0m
    | Meal           | Quantity | Price |
    | pizzaMargarita | 10       | 12.99 |
    | pastaAlfredo   | 10       | 8.99  |
  &amp#27;[32mWhen &amp#27;[0m&amp#27;[32mAn order to be process contains:&amp#27;[0m                                        &amp#27;[90m# io.cucumber.skeleton.checkTotalAmmount.an_order_to_be_process_contains(io.cucumber.datatable.DataTable)&amp#27;[0m
    | Meal           | Quantity | Price |
    | pizzaMargarita | 2        | 12.99 |
    | pastaAlfredo   | 4        | 8.99  |
  &amp#27;[32mThen &amp#27;[0m&amp#27;[32mThe order is approved&amp#27;[0m                                                   &amp#27;[90m# io.cucumber.skeleton.checkTotalAmmount.the_order_is_approved()&amp#27;[0m
  &amp#27;[32mAnd &amp#27;[0m&amp#27;[32mthe final price is &amp#27;[0m&amp#27;[32m&amp#27;[1m45.746&amp#27;[0m                                                &amp#27;[90m# io.cucumber.skeleton.checkTotalAmmount.the_final_price_is(java.lang.Double)&amp#27;[0m
]]></system-out>
  </testcase>
  <testcase name="Calculate final price of the meal order with checkTotalAmmount() - Order of food final price with with only a 20% discount and and -25$" classname="Calculate final price of the meal order with checkTotalAmmount()" time="0.006">
    <system-out><![CDATA[
Scenario: Order of food final price with with only a 20% discount and and -25$ &amp#27;[90m# io/cucumber/skeleton/checkTotalAmmount.feature:40&amp#27;[0m
  &amp#27;[32mGiven &amp#27;[0m&amp#27;[32man inventory with prices:&amp#27;[0m                                              &amp#27;[90m# io.cucumber.skeleton.checkTotalAmmount.an_inventory(io.cucumber.datatable.DataTable)&amp#27;[0m
    | Meal            | Quantity | Price |
    | pizzaMargarita  | 10       | 12.99 |
    | pizzaNapolitana | 10       | 10.99 |
  &amp#27;[32mWhen &amp#27;[0m&amp#27;[32mAn order to be process contains:&amp#27;[0m                                        &amp#27;[90m# io.cucumber.skeleton.checkTotalAmmount.an_order_to_be_process_contains(io.cucumber.datatable.DataTable)&amp#27;[0m
    | Meal            | Quantity | Price |
    | pizzaMargarita  | 5        | 12.99 |
    | pizzaNapolitana | 7        | 10.99 |
  &amp#27;[32mThen &amp#27;[0m&amp#27;[32mThe order is approved&amp#27;[0m                                                   &amp#27;[90m# io.cucumber.skeleton.checkTotalAmmount.the_order_is_approved()&amp#27;[0m
  &amp#27;[32mAnd &amp#27;[0m&amp#27;[32mthe final price is &amp#27;[0m&amp#27;[32m&amp#27;[1m88.504&amp#27;[0m                                                &amp#27;[90m# io.cucumber.skeleton.checkTotalAmmount.the_final_price_is(java.lang.Double)&amp#27;[0m
]]></system-out>
  </testcase>
</testsuite>